10-Mar-2021 17:47:33.406 INFO [TomcatRunner] org.apache.catalina.startup.VersionLoggerListener.log Server version name:   Apache Tomcat/9.0.22
10-Mar-2021 17:47:33.407 INFO [TomcatRunner] org.apache.catalina.startup.VersionLoggerListener.log Server built:          Jul 4 2019 14:20:06 UTC
10-Mar-2021 17:47:33.407 INFO [TomcatRunner] org.apache.catalina.startup.VersionLoggerListener.log Server version number: 9.0.22.0
10-Mar-2021 17:47:33.407 INFO [TomcatRunner] org.apache.catalina.startup.VersionLoggerListener.log OS Name:               Mac OS X
10-Mar-2021 17:47:33.407 INFO [TomcatRunner] org.apache.catalina.startup.VersionLoggerListener.log OS Version:            10.16
10-Mar-2021 17:47:33.407 INFO [TomcatRunner] org.apache.catalina.startup.VersionLoggerListener.log Architecture:          x86_64
10-Mar-2021 17:47:33.407 INFO [TomcatRunner] org.apache.catalina.startup.VersionLoggerListener.log Java Home:             /Library/Java/JavaVirtualMachines/adoptopenjdk-8.jdk/Contents/Home/jre
10-Mar-2021 17:47:33.407 INFO [TomcatRunner] org.apache.catalina.startup.VersionLoggerListener.log JVM Version:           1.8.0_265-b01
10-Mar-2021 17:47:33.407 INFO [TomcatRunner] org.apache.catalina.startup.VersionLoggerListener.log JVM Vendor:            AdoptOpenJDK
10-Mar-2021 17:47:33.407 INFO [TomcatRunner] org.apache.catalina.startup.VersionLoggerListener.log CATALINA_BASE:         /Applications/SmartFoxServer_2X/SFS2X/lib/apache-tomcat
10-Mar-2021 17:47:33.407 INFO [TomcatRunner] org.apache.catalina.startup.VersionLoggerListener.log CATALINA_HOME:         /Applications/SmartFoxServer_2X/SFS2X/lib/apache-tomcat
10-Mar-2021 17:47:33.409 INFO [TomcatRunner] org.apache.catalina.startup.VersionLoggerListener.log Command line argument: -Dfile.encoding=UTF-8
10-Mar-2021 17:47:33.409 INFO [TomcatRunner] org.apache.catalina.startup.VersionLoggerListener.log Command line argument: -Xdebug
10-Mar-2021 17:47:33.409 INFO [TomcatRunner] org.apache.catalina.startup.VersionLoggerListener.log Command line argument: -Xnoagent
10-Mar-2021 17:47:33.409 INFO [TomcatRunner] org.apache.catalina.startup.VersionLoggerListener.log Command line argument: -Xrunjdwp:transport=dt_socket,address=8585,server=y,suspend=n
10-Mar-2021 17:47:33.409 INFO [TomcatRunner] org.apache.catalina.core.AprLifecycleListener.lifecycleEvent The APR based Apache Tomcat Native library which allows optimal performance in production environments was not found on the java.library.path: [/Users/duchung/Library/Java/Extensions:/Library/Java/Extensions:/Network/Library/Java/Extensions:/System/Library/Java/Extensions:/usr/lib/java:.]
10-Mar-2021 17:47:33.635 INFO [TomcatRunner] org.apache.coyote.AbstractProtocol.init Initializing ProtocolHandler ["http-nio-8080"]
10-Mar-2021 17:47:33.648 INFO [TomcatRunner] org.apache.coyote.AbstractProtocol.init Initializing ProtocolHandler ["https-jsse-nio-8443"]
10-Mar-2021 17:47:33.900 INFO [TomcatRunner] org.apache.catalina.startup.Catalina.load Server initialization in [655] milliseconds
10-Mar-2021 17:47:33.926 INFO [TomcatRunner] org.apache.catalina.core.StandardService.startInternal Starting service [Catalina]
10-Mar-2021 17:47:33.926 INFO [TomcatRunner] org.apache.catalina.core.StandardEngine.startInternal Starting Servlet engine: [Apache Tomcat/9.0.22]
10-Mar-2021 17:47:33.958 INFO [TomcatRunner] org.apache.catalina.startup.HostConfig.deployWAR Deploying web application archive [/Applications/SmartFoxServer_2X/SFS2X/www/BlueBox.war]
10-Mar-2021 17:47:35.444 INFO [TomcatRunner] org.apache.jasper.servlet.TldScanner.scanJars At least one JAR was scanned for TLDs yet contained no TLDs. Enable debug logging for this logger for a complete list of JARs that were scanned but no TLDs were found in them. Skipping unneeded JARs during scanning can improve startup time and JSP compilation time.
10-Mar-2021 17:47:35.471 INFO [TomcatRunner] org.apache.catalina.startup.HostConfig.deployWAR Deployment of web application archive [/Applications/SmartFoxServer_2X/SFS2X/www/BlueBox.war] has finished in [1,513] ms
10-Mar-2021 17:47:35.472 INFO [TomcatRunner] org.apache.catalina.startup.HostConfig.deployDirectory Deploying web application directory [/Applications/SmartFoxServer_2X/SFS2X/www/manager]
10-Mar-2021 17:47:36.564 INFO [TomcatRunner] org.apache.jasper.servlet.TldScanner.scanJars At least one JAR was scanned for TLDs yet contained no TLDs. Enable debug logging for this logger for a complete list of JARs that were scanned but no TLDs were found in them. Skipping unneeded JARs during scanning can improve startup time and JSP compilation time.
10-Mar-2021 17:47:36.569 INFO [TomcatRunner] org.apache.catalina.startup.HostConfig.deployDirectory Deployment of web application directory [/Applications/SmartFoxServer_2X/SFS2X/www/manager] has finished in [1,097] ms
10-Mar-2021 17:47:36.569 INFO [TomcatRunner] org.apache.catalina.startup.HostConfig.deployDirectory Deploying web application directory [/Applications/SmartFoxServer_2X/SFS2X/www/HelloServlet]
10-Mar-2021 17:47:37.704 INFO [TomcatRunner] org.apache.jasper.servlet.TldScanner.scanJars At least one JAR was scanned for TLDs yet contained no TLDs. Enable debug logging for this logger for a complete list of JARs that were scanned but no TLDs were found in them. Skipping unneeded JARs during scanning can improve startup time and JSP compilation time.
10-Mar-2021 17:47:37.706 INFO [TomcatRunner] org.apache.catalina.startup.HostConfig.deployDirectory Deployment of web application directory [/Applications/SmartFoxServer_2X/SFS2X/www/HelloServlet] has finished in [1,137] ms
10-Mar-2021 17:47:37.707 INFO [TomcatRunner] org.apache.catalina.startup.HostConfig.deployDirectory Deploying web application directory [/Applications/SmartFoxServer_2X/SFS2X/www/ROOT]
10-Mar-2021 17:47:38.984 INFO [TomcatRunner] org.apache.jasper.servlet.TldScanner.scanJars At least one JAR was scanned for TLDs yet contained no TLDs. Enable debug logging for this logger for a complete list of JARs that were scanned but no TLDs were found in them. Skipping unneeded JARs during scanning can improve startup time and JSP compilation time.
10-Mar-2021 17:47:38.985 INFO [TomcatRunner] org.apache.catalina.startup.HostConfig.deployDirectory Deployment of web application directory [/Applications/SmartFoxServer_2X/SFS2X/www/ROOT] has finished in [1,278] ms
10-Mar-2021 17:47:38.986 INFO [TomcatRunner] org.apache.catalina.startup.HostConfig.deployDirectory Deploying web application directory [/Applications/SmartFoxServer_2X/SFS2X/www/host-manager]
10-Mar-2021 17:47:40.046 INFO [TomcatRunner] org.apache.jasper.servlet.TldScanner.scanJars At least one JAR was scanned for TLDs yet contained no TLDs. Enable debug logging for this logger for a complete list of JARs that were scanned but no TLDs were found in them. Skipping unneeded JARs during scanning can improve startup time and JSP compilation time.
10-Mar-2021 17:47:40.047 INFO [TomcatRunner] org.apache.catalina.startup.HostConfig.deployDirectory Deployment of web application directory [/Applications/SmartFoxServer_2X/SFS2X/www/host-manager] has finished in [1,062] ms
10-Mar-2021 17:47:40.047 INFO [TomcatRunner] org.apache.catalina.startup.HostConfig.deployDirectory Deploying web application directory [/Applications/SmartFoxServer_2X/SFS2X/www/logsBackup]
10-Mar-2021 17:47:41.049 INFO [TomcatRunner] org.apache.jasper.servlet.TldScanner.scanJars At least one JAR was scanned for TLDs yet contained no TLDs. Enable debug logging for this logger for a complete list of JARs that were scanned but no TLDs were found in them. Skipping unneeded JARs during scanning can improve startup time and JSP compilation time.
10-Mar-2021 17:47:41.050 INFO [TomcatRunner] org.apache.catalina.startup.HostConfig.deployDirectory Deployment of web application directory [/Applications/SmartFoxServer_2X/SFS2X/www/logsBackup] has finished in [1,003] ms
10-Mar-2021 17:47:41.053 INFO [TomcatRunner] org.apache.coyote.AbstractProtocol.start Starting ProtocolHandler ["http-nio-8080"]
10-Mar-2021 17:47:41.061 INFO [TomcatRunner] org.apache.coyote.AbstractProtocol.start Starting ProtocolHandler ["https-jsse-nio-8443"]
10-Mar-2021 17:47:41.063 INFO [TomcatRunner] org.apache.catalina.startup.Catalina.start Server startup in [7,162] milliseconds
10-Mar-2021 17:51:39.224 INFO [Thread-9] org.apache.coyote.AbstractProtocol.pause Pausing ProtocolHandler ["http-nio-8080"]
10-Mar-2021 17:51:39.230 INFO [Thread-9] org.apache.coyote.AbstractProtocol.pause Pausing ProtocolHandler ["https-jsse-nio-8443"]
10-Mar-2021 17:51:39.237 INFO [Thread-9] org.apache.catalina.core.StandardService.stopInternal Stopping service [Catalina]
10-Mar-2021 17:51:39.269 INFO [Thread-9] org.apache.coyote.AbstractProtocol.stop Stopping ProtocolHandler ["http-nio-8080"]
10-Mar-2021 17:51:39.271 INFO [Thread-9] org.apache.coyote.AbstractProtocol.stop Stopping ProtocolHandler ["https-jsse-nio-8443"]
10-Mar-2021 17:51:39.272 INFO [Thread-9] org.apache.coyote.AbstractProtocol.destroy Destroying ProtocolHandler ["http-nio-8080"]
10-Mar-2021 17:51:39.273 INFO [Thread-9] org.apache.coyote.AbstractProtocol.destroy Destroying ProtocolHandler ["https-jsse-nio-8443"]
10-Mar-2021 17:51:57.972 INFO [TomcatRunner] org.apache.catalina.startup.VersionLoggerListener.log Server version name:   Apache Tomcat/9.0.22
10-Mar-2021 17:51:57.973 INFO [TomcatRunner] org.apache.catalina.startup.VersionLoggerListener.log Server built:          Jul 4 2019 14:20:06 UTC
10-Mar-2021 17:51:57.973 INFO [TomcatRunner] org.apache.catalina.startup.VersionLoggerListener.log Server version number: 9.0.22.0
10-Mar-2021 17:51:57.973 INFO [TomcatRunner] org.apache.catalina.startup.VersionLoggerListener.log OS Name:               Mac OS X
10-Mar-2021 17:51:57.973 INFO [TomcatRunner] org.apache.catalina.startup.VersionLoggerListener.log OS Version:            10.16
10-Mar-2021 17:51:57.973 INFO [TomcatRunner] org.apache.catalina.startup.VersionLoggerListener.log Architecture:          x86_64
10-Mar-2021 17:51:57.973 INFO [TomcatRunner] org.apache.catalina.startup.VersionLoggerListener.log Java Home:             /Library/Java/JavaVirtualMachines/adoptopenjdk-8.jdk/Contents/Home/jre
10-Mar-2021 17:51:57.973 INFO [TomcatRunner] org.apache.catalina.startup.VersionLoggerListener.log JVM Version:           1.8.0_265-b01
10-Mar-2021 17:51:57.973 INFO [TomcatRunner] org.apache.catalina.startup.VersionLoggerListener.log JVM Vendor:            AdoptOpenJDK
10-Mar-2021 17:51:57.973 INFO [TomcatRunner] org.apache.catalina.startup.VersionLoggerListener.log CATALINA_BASE:         /Applications/SmartFoxServer_2X/SFS2X/lib/apache-tomcat
10-Mar-2021 17:51:57.973 INFO [TomcatRunner] org.apache.catalina.startup.VersionLoggerListener.log CATALINA_HOME:         /Applications/SmartFoxServer_2X/SFS2X/lib/apache-tomcat
10-Mar-2021 17:51:57.975 INFO [TomcatRunner] org.apache.catalina.startup.VersionLoggerListener.log Command line argument: -Dfile.encoding=UTF-8
10-Mar-2021 17:51:57.975 INFO [TomcatRunner] org.apache.catalina.startup.VersionLoggerListener.log Command line argument: -Xdebug
10-Mar-2021 17:51:57.975 INFO [TomcatRunner] org.apache.catalina.startup.VersionLoggerListener.log Command line argument: -Xnoagent
10-Mar-2021 17:51:57.975 INFO [TomcatRunner] org.apache.catalina.startup.VersionLoggerListener.log Command line argument: -Xrunjdwp:transport=dt_socket,address=8585,server=y,suspend=n
10-Mar-2021 17:51:57.975 INFO [TomcatRunner] org.apache.catalina.core.AprLifecycleListener.lifecycleEvent The APR based Apache Tomcat Native library which allows optimal performance in production environments was not found on the java.library.path: [/Users/duchung/Library/Java/Extensions:/Library/Java/Extensions:/Network/Library/Java/Extensions:/System/Library/Java/Extensions:/usr/lib/java:.]
10-Mar-2021 17:51:58.158 INFO [TomcatRunner] org.apache.coyote.AbstractProtocol.init Initializing ProtocolHandler ["http-nio-8080"]
10-Mar-2021 17:51:58.170 INFO [TomcatRunner] org.apache.coyote.AbstractProtocol.init Initializing ProtocolHandler ["https-jsse-nio-8443"]
10-Mar-2021 17:51:58.392 INFO [TomcatRunner] org.apache.catalina.startup.Catalina.load Server initialization in [544] milliseconds
10-Mar-2021 17:51:58.411 INFO [TomcatRunner] org.apache.catalina.core.StandardService.startInternal Starting service [Catalina]
10-Mar-2021 17:51:58.411 INFO [TomcatRunner] org.apache.catalina.core.StandardEngine.startInternal Starting Servlet engine: [Apache Tomcat/9.0.22]
10-Mar-2021 17:51:58.436 INFO [TomcatRunner] org.apache.catalina.startup.HostConfig.deployWAR Deploying web application archive [/Applications/SmartFoxServer_2X/SFS2X/www/BlueBox.war]
10-Mar-2021 17:51:59.567 INFO [TomcatRunner] org.apache.jasper.servlet.TldScanner.scanJars At least one JAR was scanned for TLDs yet contained no TLDs. Enable debug logging for this logger for a complete list of JARs that were scanned but no TLDs were found in them. Skipping unneeded JARs during scanning can improve startup time and JSP compilation time.
10-Mar-2021 17:51:59.598 INFO [TomcatRunner] org.apache.catalina.startup.HostConfig.deployWAR Deployment of web application archive [/Applications/SmartFoxServer_2X/SFS2X/www/BlueBox.war] has finished in [1,162] ms
10-Mar-2021 17:51:59.598 INFO [TomcatRunner] org.apache.catalina.startup.HostConfig.deployDirectory Deploying web application directory [/Applications/SmartFoxServer_2X/SFS2X/www/manager]
10-Mar-2021 17:52:00.704 INFO [TomcatRunner] org.apache.jasper.servlet.TldScanner.scanJars At least one JAR was scanned for TLDs yet contained no TLDs. Enable debug logging for this logger for a complete list of JARs that were scanned but no TLDs were found in them. Skipping unneeded JARs during scanning can improve startup time and JSP compilation time.
10-Mar-2021 17:52:00.707 INFO [TomcatRunner] org.apache.catalina.startup.HostConfig.deployDirectory Deployment of web application directory [/Applications/SmartFoxServer_2X/SFS2X/www/manager] has finished in [1,109] ms
10-Mar-2021 17:52:00.707 INFO [TomcatRunner] org.apache.catalina.startup.HostConfig.deployDirectory Deploying web application directory [/Applications/SmartFoxServer_2X/SFS2X/www/HelloServlet]
10-Mar-2021 17:52:01.677 INFO [TomcatRunner] org.apache.jasper.servlet.TldScanner.scanJars At least one JAR was scanned for TLDs yet contained no TLDs. Enable debug logging for this logger for a complete list of JARs that were scanned but no TLDs were found in them. Skipping unneeded JARs during scanning can improve startup time and JSP compilation time.
10-Mar-2021 17:52:01.679 INFO [TomcatRunner] org.apache.catalina.startup.HostConfig.deployDirectory Deployment of web application directory [/Applications/SmartFoxServer_2X/SFS2X/www/HelloServlet] has finished in [972] ms
10-Mar-2021 17:52:01.679 INFO [TomcatRunner] org.apache.catalina.startup.HostConfig.deployDirectory Deploying web application directory [/Applications/SmartFoxServer_2X/SFS2X/www/ROOT]
10-Mar-2021 17:52:02.772 INFO [TomcatRunner] org.apache.jasper.servlet.TldScanner.scanJars At least one JAR was scanned for TLDs yet contained no TLDs. Enable debug logging for this logger for a complete list of JARs that were scanned but no TLDs were found in them. Skipping unneeded JARs during scanning can improve startup time and JSP compilation time.
10-Mar-2021 17:52:02.774 INFO [TomcatRunner] org.apache.catalina.startup.HostConfig.deployDirectory Deployment of web application directory [/Applications/SmartFoxServer_2X/SFS2X/www/ROOT] has finished in [1,095] ms
10-Mar-2021 17:52:02.774 INFO [TomcatRunner] org.apache.catalina.startup.HostConfig.deployDirectory Deploying web application directory [/Applications/SmartFoxServer_2X/SFS2X/www/host-manager]
10-Mar-2021 17:52:03.689 INFO [TomcatRunner] org.apache.jasper.servlet.TldScanner.scanJars At least one JAR was scanned for TLDs yet contained no TLDs. Enable debug logging for this logger for a complete list of JARs that were scanned but no TLDs were found in them. Skipping unneeded JARs during scanning can improve startup time and JSP compilation time.
10-Mar-2021 17:52:03.690 INFO [TomcatRunner] org.apache.catalina.startup.HostConfig.deployDirectory Deployment of web application directory [/Applications/SmartFoxServer_2X/SFS2X/www/host-manager] has finished in [916] ms
10-Mar-2021 17:52:03.690 INFO [TomcatRunner] org.apache.catalina.startup.HostConfig.deployDirectory Deploying web application directory [/Applications/SmartFoxServer_2X/SFS2X/www/logsBackup]
10-Mar-2021 17:52:04.513 INFO [TomcatRunner] org.apache.jasper.servlet.TldScanner.scanJars At least one JAR was scanned for TLDs yet contained no TLDs. Enable debug logging for this logger for a complete list of JARs that were scanned but no TLDs were found in them. Skipping unneeded JARs during scanning can improve startup time and JSP compilation time.
10-Mar-2021 17:52:04.514 INFO [TomcatRunner] org.apache.catalina.startup.HostConfig.deployDirectory Deployment of web application directory [/Applications/SmartFoxServer_2X/SFS2X/www/logsBackup] has finished in [824] ms
10-Mar-2021 17:52:04.516 INFO [TomcatRunner] org.apache.coyote.AbstractProtocol.start Starting ProtocolHandler ["http-nio-8080"]
10-Mar-2021 17:52:04.523 INFO [TomcatRunner] org.apache.coyote.AbstractProtocol.start Starting ProtocolHandler ["https-jsse-nio-8443"]
10-Mar-2021 17:52:04.525 INFO [TomcatRunner] org.apache.catalina.startup.Catalina.start Server startup in [6,132] milliseconds
